<?xml version="1.0" encoding="UTF-8"?>
<!-- Generated by org.testng.reporters.JUnitReportReporter -->
<testsuite hostname="dln-067285" failures="0" tests="1" name="com.selenium.TestGoogle" time="0.803" errors="0" timestamp="2025-02-26T23:24:49 IST" skipped="0">
  <testcase classname="com.selenium.TestGoogle" name="testGoogleTitle" time="0.803"/>
</testsuite> <!-- com.selenium.TestGoogle -->
